  glad.c
  stb_image.cpp
  ball_object.cpp
  Game.cpp
  game_level.cpp
D:\Project\OpenGL-Learn\OpenGLSt\OpenGLLeran\OpenGLLeran\game_level.cpp(57,39): warning C4267: “初始化”: 从“size_t”转换到“unsigned int”，可能丢失数据
D:\Project\OpenGL-Learn\OpenGLSt\OpenGLLeran\OpenGLLeran\game_level.cpp(58,41): warning C4267: “初始化”: 从“size_t”转换到“unsigned int”，可能丢失数据
D:\Project\OpenGL-Learn\OpenGLSt\OpenGLLeran\OpenGLLeran\game_level.cpp(59,73): warning C4244: “初始化”: 从“unsigned int”转换到“float”，可能丢失数据
  game_object.cpp
  program.cpp
D:\Project\OpenGL-Learn\OpenGLSt\OpenGLLeran\OpenGLLeran\program.cpp(74,22): warning C4244: “初始化”: 从“double”转换到“float”，可能丢失数据
  resource_manager.cpp
  Shader.cpp
  sprite_renderer.cpp
  texture.cpp
  正在生成代码...
glfw3.lib(context.obj) : warning LNK4099: 未找到 PDB“glfw.pdb”(使用“glfw3.lib(context.obj)”或在“D:\Project\OpenGL-Learn\OpenGLSt\OpenGLLeran\x64\Debug\glfw.pdb”中寻找)；正在链接对象，如同没有调试信息一样
glfw3.lib(init.obj) : warning LNK4099: 未找到 PDB“glfw.pdb”(使用“glfw3.lib(init.obj)”或在“D:\Project\OpenGL-Learn\OpenGLSt\OpenGLLeran\x64\Debug\glfw.pdb”中寻找)；正在链接对象，如同没有调试信息一样
glfw3.lib(input.obj) : warning LNK4099: 未找到 PDB“glfw.pdb”(使用“glfw3.lib(input.obj)”或在“D:\Project\OpenGL-Learn\OpenGLSt\OpenGLLeran\x64\Debug\glfw.pdb”中寻找)；正在链接对象，如同没有调试信息一样
glfw3.lib(monitor.obj) : warning LNK4099: 未找到 PDB“glfw.pdb”(使用“glfw3.lib(monitor.obj)”或在“D:\Project\OpenGL-Learn\OpenGLSt\OpenGLLeran\x64\Debug\glfw.pdb”中寻找)；正在链接对象，如同没有调试信息一样
glfw3.lib(vulkan.obj) : warning LNK4099: 未找到 PDB“glfw.pdb”(使用“glfw3.lib(vulkan.obj)”或在“D:\Project\OpenGL-Learn\OpenGLSt\OpenGLLeran\x64\Debug\glfw.pdb”中寻找)；正在链接对象，如同没有调试信息一样
glfw3.lib(window.obj) : warning LNK4099: 未找到 PDB“glfw.pdb”(使用“glfw3.lib(window.obj)”或在“D:\Project\OpenGL-Learn\OpenGLSt\OpenGLLeran\x64\Debug\glfw.pdb”中寻找)；正在链接对象，如同没有调试信息一样
glfw3.lib(win32_init.obj) : warning LNK4099: 未找到 PDB“glfw.pdb”(使用“glfw3.lib(win32_init.obj)”或在“D:\Project\OpenGL-Learn\OpenGLSt\OpenGLLeran\x64\Debug\glfw.pdb”中寻找)；正在链接对象，如同没有调试信息一样
glfw3.lib(win32_joystick.obj) : warning LNK4099: 未找到 PDB“glfw.pdb”(使用“glfw3.lib(win32_joystick.obj)”或在“D:\Project\OpenGL-Learn\OpenGLSt\OpenGLLeran\x64\Debug\glfw.pdb”中寻找)；正在链接对象，如同没有调试信息一样
glfw3.lib(win32_monitor.obj) : warning LNK4099: 未找到 PDB“glfw.pdb”(使用“glfw3.lib(win32_monitor.obj)”或在“D:\Project\OpenGL-Learn\OpenGLSt\OpenGLLeran\x64\Debug\glfw.pdb”中寻找)；正在链接对象，如同没有调试信息一样
glfw3.lib(win32_time.obj) : warning LNK4099: 未找到 PDB“glfw.pdb”(使用“glfw3.lib(win32_time.obj)”或在“D:\Project\OpenGL-Learn\OpenGLSt\OpenGLLeran\x64\Debug\glfw.pdb”中寻找)；正在链接对象，如同没有调试信息一样
glfw3.lib(win32_thread.obj) : warning LNK4099: 未找到 PDB“glfw.pdb”(使用“glfw3.lib(win32_thread.obj)”或在“D:\Project\OpenGL-Learn\OpenGLSt\OpenGLLeran\x64\Debug\glfw.pdb”中寻找)；正在链接对象，如同没有调试信息一样
glfw3.lib(win32_window.obj) : warning LNK4099: 未找到 PDB“glfw.pdb”(使用“glfw3.lib(win32_window.obj)”或在“D:\Project\OpenGL-Learn\OpenGLSt\OpenGLLeran\x64\Debug\glfw.pdb”中寻找)；正在链接对象，如同没有调试信息一样
glfw3.lib(wgl_context.obj) : warning LNK4099: 未找到 PDB“glfw.pdb”(使用“glfw3.lib(wgl_context.obj)”或在“D:\Project\OpenGL-Learn\OpenGLSt\OpenGLLeran\x64\Debug\glfw.pdb”中寻找)；正在链接对象，如同没有调试信息一样
glfw3.lib(egl_context.obj) : warning LNK4099: 未找到 PDB“glfw.pdb”(使用“glfw3.lib(egl_context.obj)”或在“D:\Project\OpenGL-Learn\OpenGLSt\OpenGLLeran\x64\Debug\glfw.pdb”中寻找)；正在链接对象，如同没有调试信息一样
glfw3.lib(osmesa_context.obj) : warning LNK4099: 未找到 PDB“glfw.pdb”(使用“glfw3.lib(osmesa_context.obj)”或在“D:\Project\OpenGL-Learn\OpenGLSt\OpenGLLeran\x64\Debug\glfw.pdb”中寻找)；正在链接对象，如同没有调试信息一样
  OpenGLLeran.vcxproj -> D:\Project\OpenGL-Learn\OpenGLSt\OpenGLLeran\x64\Debug\OpenGLLeran.exe
